Build started 10/17/2014 12:58:47 PM.
     1>Project "C:\Users\jmlove\Documents\Visual Studio 2010\Projects\serology\serology\serology.vcxproj" on node 2 (build target(s)).
     1>InitializeBuildStatus:
         Creating "Debug\serology.unsuccessfulbuild" because "AlwaysCreate" was specified.
       ClCompile:
         c:\Program Files\Microsoft Visual Studio 10.0\VC\bin\CL.exe /c /ZI /nologo /W3 /WX- /Od /Oy- /D _MBCS /Gm /EHsc /RTC1 /MDd /GS /fp:precise /Zc:wchar_t /Zc:forScope /Fo"Debug\\" /Fd"Debug\vc100.pdb" /Gd /TP /analyze- /errorReport:prompt ..\..\ELISAcost.cpp
         ELISAcost.cpp
     1>c:\users\jmlove\documents\visual studio 2010\projects\elisacost.cpp(72): warning C4305: 'initializing' : truncation from 'double' to 'float'
     1>c:\users\jmlove\documents\visual studio 2010\projects\elisacost.cpp(82): warning C4305: 'initializing' : truncation from 'double' to 'float'
     1>c:\users\jmlove\documents\visual studio 2010\projects\elisacost.cpp(91): warning C4305: 'initializing' : truncation from 'double' to 'float'
     1>c:\users\jmlove\documents\visual studio 2010\projects\elisacost.cpp(92): warning C4244: 'initializing' : conversion from 'double' to 'int', possible loss of data
     1>c:\users\jmlove\documents\visual studio 2010\projects\elisacost.cpp(100): warning C4305: 'initializing' : truncation from 'double' to 'float'
     1>c:\users\jmlove\documents\visual studio 2010\projects\elisacost.cpp(101): warning C4244: 'initializing' : conversion from 'double' to 'int', possible loss of data
     1>c:\users\jmlove\documents\visual studio 2010\projects\elisacost.cpp(102): warning C4305: 'initializing' : truncation from 'double' to 'float'
     1>c:\users\jmlove\documents\visual studio 2010\projects\elisacost.cpp(109): warning C4305: 'initializing' : truncation from 'double' to 'float'
     1>c:\users\jmlove\documents\visual studio 2010\projects\elisacost.cpp(112): warning C4244: 'initializing' : conversion from 'double' to 'int', possible loss of data
     1>c:\users\jmlove\documents\visual studio 2010\projects\elisacost.cpp(119): warning C4244: 'initializing' : conversion from 'double' to 'int', possible loss of data
     1>c:\users\jmlove\documents\visual studio 2010\projects\elisacost.cpp(128): warning C4244: 'initializing' : conversion from 'double' to 'int', possible loss of data
     1>c:\users\jmlove\documents\visual studio 2010\projects\elisacost.cpp(135): warning C4305: 'initializing' : truncation from 'double' to 'float'
     1>c:\users\jmlove\documents\visual studio 2010\projects\elisacost.cpp(144): warning C4305: 'initializing' : truncation from 'double' to 'float'
     1>c:\users\jmlove\documents\visual studio 2010\projects\elisacost.cpp(146): warning C4305: 'initializing' : truncation from 'double' to 'float'
     1>c:\users\jmlove\documents\visual studio 2010\projects\elisacost.cpp(155): warning C4305: 'initializing' : truncation from 'double' to 'float'
     1>c:\users\jmlove\documents\visual studio 2010\projects\elisacost.cpp(187): warning C4305: 'initializing' : truncation from 'double' to 'float'
     1>c:\users\jmlove\documents\visual studio 2010\projects\elisacost.cpp(200): warning C4305: 'initializing' : truncation from 'double' to 'float'
     1>c:\users\jmlove\documents\visual studio 2010\projects\elisacost.cpp(226): warning C4305: 'initializing' : truncation from 'double' to 'float'
       Link:
         c:\Program Files\Microsoft Visual Studio 10.0\VC\bin\link.exe /ERRORREPORT:PROMPT /OUT:"C:\Users\jmlove\Documents\Visual Studio 2010\Projects\serology\Debug\serology.exe" /NOLOGO kernel32.lib user32.lib gdi32.lib winspool.lib comdlg32.lib advapi32.lib shell32.lib ole32.lib oleaut32.lib uuid.lib odbc32.lib odbccp32.lib /MANIFEST /ManifestFile:"Debug\serology.exe.intermediate.manifest" /MANIFESTUAC:"level='asInvoker' uiAccess='false'" /DEBUG /PDB:"C:\Users\jmlove\Documents\Visual Studio 2010\Projects\serology\Debug\serology.pdb" /TLBID:1 /DYNAMICBASE /NXCOMPAT /IMPLIB:"C:\Users\jmlove\Documents\Visual Studio 2010\Projects\serology\Debug\serology.lib" /MACHINE:X86 Debug\ELISAcost.obj
         LINK : C:\Users\jmlove\Documents\Visual Studio 2010\Projects\serology\Debug\serology.exe not found or not built by the last incremental link; performing full link
         serology.vcxproj -> C:\Users\jmlove\Documents\Visual Studio 2010\Projects\serology\Debug\serology.exe
       Manifest:
         C:\Program Files\Microsoft SDKs\Windows\v7.0A\bin\mt.exe /nologo /verbose /outputresource:"C:\Users\jmlove\Documents\Visual Studio 2010\Projects\serology\Debug\serology.exe;#1" /manifest Debug\serology.exe.intermediate.manifest
       FinalizeBuildStatus:
         Deleting file "Debug\serology.unsuccessfulbuild".
         Touching "Debug\serology.lastbuildstate".
     1>Done Building Project "C:\Users\jmlove\Documents\Visual Studio 2010\Projects\serology\serology\serology.vcxproj" (build target(s)).

Build succeeded.

Time Elapsed 00:00:00.95
