c:\users\jmlove\documents\visual studio 2010\projects\serology\serology\debug\vc100.pdb
c:\users\jmlove\documents\visual studio 2010\projects\serology\serology\debug\elisacost.obj
c:\users\jmlove\documents\visual studio 2010\projects\serology\serology\debug\functions.obj
c:\users\jmlove\documents\visual studio 2010\projects\serology\debug\serology.ilk
c:\users\jmlove\documents\visual studio 2010\projects\serology\debug\serology.exe
c:\users\jmlove\documents\visual studio 2010\projects\serology\serology\debug\serology.exe.intermediate.manifest
c:\users\jmlove\documents\visual studio 2010\projects\serology\debug\serology.pdb
c:\users\jmlove\documents\visual studio 2010\projects\serology\serology\debug\vc140.pdb
c:\users\jmlove\documents\visual studio 2010\projects\serology\serology\debug\vc140.idb
c:\users\jmlove\documents\visual studio 2010\projects\serology\serology\debug\serology.vcxprojresolveassemblyreference.cache
c:\users\jmlove\documents\visual studio 2010\projects\serology\serology\debug\cl.command.1.tlog
c:\users\jmlove\documents\visual studio 2010\projects\serology\serology\debug\cl.read.1.tlog
c:\users\jmlove\documents\visual studio 2010\projects\serology\serology\debug\cl.write.1.tlog
c:\users\jmlove\documents\visual studio 2010\projects\serology\serology\debug\link.command.1.tlog
c:\users\jmlove\documents\visual studio 2010\projects\serology\serology\debug\link.read.1.tlog
c:\users\jmlove\documents\visual studio 2010\projects\serology\serology\debug\link.write.1.tlog
c:\users\jmlove\documents\visual studio 2010\projects\serology\serology\debug\mt.command.1.tlog
c:\users\jmlove\documents\visual studio 2010\projects\serology\serology\debug\mt.read.1.tlog
c:\users\jmlove\documents\visual studio 2010\projects\serology\serology\debug\mt.write.1.tlog
c:\users\jmlove\documents\visual studio 2010\projects\serology\serology\debug\serology.write.1.tlog
c:\users\jmlove\documents\visual studio 2010\projects\serology\serology\debug\vc100.idb
c:\users\jmlove\documents\visual studio 2010\projects\serology\serology\debug\serology.tlog\cl.command.1.tlog
c:\users\jmlove\documents\visual studio 2010\projects\serology\serology\debug\serology.tlog\cl.read.1.tlog
c:\users\jmlove\documents\visual studio 2010\projects\serology\serology\debug\serology.tlog\cl.write.1.tlog
c:\users\jmlove\documents\visual studio 2010\projects\serology\serology\debug\serology.tlog\link-cvtres.read.1.tlog
c:\users\jmlove\documents\visual studio 2010\projects\serology\serology\debug\serology.tlog\link-cvtres.write.1.tlog
c:\users\jmlove\documents\visual studio 2010\projects\serology\serology\debug\serology.tlog\link-rc.read.1.tlog
c:\users\jmlove\documents\visual studio 2010\projects\serology\serology\debug\serology.tlog\link-rc.write.1.tlog
c:\users\jmlove\documents\visual studio 2010\projects\serology\serology\debug\serology.tlog\link.command.1.tlog
c:\users\jmlove\documents\visual studio 2010\projects\serology\serology\debug\serology.tlog\link.read.1.tlog
c:\users\jmlove\documents\visual studio 2010\projects\serology\serology\debug\serology.tlog\link.write.1.tlog
